0 verbose cli C:\Program Files\nodejs\node.exe C:\Users\LENOVO\AppData\Roaming\npm\node_modules\npm\bin\npm-cli.js
1 info using npm@11.3.0
2 info using node@v22.14.0
3 silly config load:file:C:\Users\LENOVO\AppData\Roaming\npm\node_modules\npm\npmrc
4 silly config load:file:D:\.npmrc
5 silly config load:file:C:\Users\LENOVO\.npmrc
6 silly config load:file:C:\Users\LENOVO\AppData\Roaming\npm\etc\npmrc
7 verbose title npm exec create-umi@latest
8 verbose argv "exec" "--" "create-umi@latest"
9 verbose logfile logs-max:10 dir:D:\DigiTechSolutions\22april_task_CRUD\client\React\_logs\2025-04-22T03_43_44_221Z-
10 verbose logfile D:\DigiTechSolutions\22april_task_CRUD\client\React\_logs\2025-04-22T03_43_44_221Z-debug-0.log
11 silly logfile done cleaning log files
12 silly packumentCache heap:4345298944 maxSize:1086324736 maxEntrySize:543162368
13 http fetch GET 200 https://registry.npmjs.org/npm 995ms
14 http fetch GET 200 https://registry.npmjs.org/create-umi 1410ms (cache miss)
15 silly packumentCache heap:4345298944 maxSize:1086324736 maxEntrySize:543162368
16 silly packumentCache heap:4345298944 maxSize:1086324736 maxEntrySize:543162368
17 silly idealTree buildDeps
18 silly fetch manifest create-umi@4.4.8
19 silly packumentCache full:https://registry.npmjs.org/create-umi cache-miss
20 http fetch GET 200 https://registry.npmjs.org/create-umi 1342ms (cache miss)
21 silly packumentCache full:https://registry.npmjs.org/create-umi set size:undefined disposed:false
22 silly placeDep ROOT create-umi@4.4.8 OK for:  want: 4.4.8
23 silly fetch manifest @umijs/utils@4.4.8
24 silly packumentCache full:https://registry.npmjs.org/@umijs%2futils cache-miss
25 http fetch GET 200 https://registry.npmjs.org/@umijs%2futils 1532ms (cache miss)
26 silly packumentCache full:https://registry.npmjs.org/@umijs%2futils set size:undefined disposed:false
27 silly placeDep ROOT @umijs/utils@4.4.8 OK for: create-umi@4.4.8 want: 4.4.8
28 silly fetch manifest chokidar@3.5.3
29 silly packumentCache full:https://registry.npmjs.org/chokidar cache-miss
30 silly fetch manifest pino@7.11.0
31 silly packumentCache full:https://registry.npmjs.org/pino cache-miss
32 http fetch GET 200 https://registry.npmjs.org/pino 556ms (cache miss)
33 silly packumentCache full:https://registry.npmjs.org/pino set size:undefined disposed:false
34 http fetch GET 200 https://registry.npmjs.org/chokidar 1008ms (cache miss)
35 silly packumentCache full:https://registry.npmjs.org/chokidar set size:undefined disposed:false
36 silly placeDep ROOT chokidar@3.5.3 OK for: @umijs/utils@4.4.8 want: 3.5.3
37 silly placeDep ROOT pino@7.11.0 OK for: @umijs/utils@4.4.8 want: 7.11.0
38 silly fetch manifest braces@~3.0.2
39 silly packumentCache full:https://registry.npmjs.org/braces cache-miss
40 silly fetch manifest is-glob@~4.0.1
41 silly packumentCache full:https://registry.npmjs.org/is-glob cache-miss
42 silly fetch manifest anymatch@~3.1.2
43 silly packumentCache full:https://registry.npmjs.org/anymatch cache-miss
44 silly fetch manifest readdirp@~3.6.0
45 silly packumentCache full:https://registry.npmjs.org/readdirp cache-miss
46 silly fetch manifest glob-parent@~5.1.2
47 silly packumentCache full:https://registry.npmjs.org/glob-parent cache-miss
48 silly fetch manifest is-binary-path@~2.1.0
49 silly packumentCache full:https://registry.npmjs.org/is-binary-path cache-miss
50 silly fetch manifest normalize-path@~3.0.0
51 silly packumentCache full:https://registry.npmjs.org/normalize-path cache-miss
52 silly fetch manifest fsevents@~2.3.2
53 silly packumentCache full:https://registry.npmjs.org/fsevents cache-miss
54 silly fetch manifest sonic-boom@^2.2.1
55 silly packumentCache full:https://registry.npmjs.org/sonic-boom cache-miss
56 silly fetch manifest fast-redact@^3.0.0
57 silly packumentCache full:https://registry.npmjs.org/fast-redact cache-miss
58 silly fetch manifest atomic-sleep@^1.0.0
59 silly packumentCache full:https://registry.npmjs.org/atomic-sleep cache-miss
60 http fetch GET 200 https://registry.npmjs.org/is-glob 78ms (cache miss)
61 silly packumentCache full:https://registry.npmjs.org/is-glob set size:undefined disposed:false
62 silly fetch manifest real-require@^0.1.0
63 silly packumentCache full:https://registry.npmjs.org/real-require cache-miss
64 http fetch GET 200 https://registry.npmjs.org/braces 119ms (cache miss)
65 silly packumentCache full:https://registry.npmjs.org/braces set size:undefined disposed:false
66 silly fetch manifest thread-stream@^0.15.1
67 silly packumentCache full:https://registry.npmjs.org/thread-stream cache-miss
68 http fetch GET 200 https://registry.npmjs.org/real-require 66ms (cache miss)
69 silly packumentCache full:https://registry.npmjs.org/real-require set size:undefined disposed:false
70 silly fetch manifest process-warning@^1.0.0
71 silly packumentCache full:https://registry.npmjs.org/process-warning cache-miss
72 http fetch GET 200 https://registry.npmjs.org/anymatch 167ms (cache miss)
73 silly packumentCache full:https://registry.npmjs.org/anymatch set size:undefined disposed:false
74 silly fetch manifest on-exit-leak-free@^0.2.0
75 silly packumentCache full:https://registry.npmjs.org/on-exit-leak-free cache-miss
76 http fetch GET 200 https://registry.npmjs.org/readdirp 174ms (cache miss)
77 silly packumentCache full:https://registry.npmjs.org/readdirp set size:undefined disposed:false
78 silly fetch manifest pino-std-serializers@^4.0.0
79 silly packumentCache full:https://registry.npmjs.org/pino-std-serializers cache-miss
80 http fetch GET 200 https://registry.npmjs.org/atomic-sleep 198ms (cache miss)
81 silly packumentCache full:https://registry.npmjs.org/atomic-sleep set size:undefined disposed:false
82 silly fetch manifest safe-stable-stringify@^2.1.0
83 silly packumentCache full:https://registry.npmjs.org/safe-stable-stringify cache-miss
84 http fetch GET 200 https://registry.npmjs.org/is-binary-path 207ms (cache miss)
85 silly packumentCache full:https://registry.npmjs.org/is-binary-path set size:undefined disposed:false
86 silly fetch manifest quick-format-unescaped@^4.0.3
87 silly packumentCache full:https://registry.npmjs.org/quick-format-unescaped cache-miss
88 http fetch GET 200 https://registry.npmjs.org/glob-parent 209ms (cache miss)
89 silly packumentCache full:https://registry.npmjs.org/glob-parent set size:undefined disposed:false
90 silly fetch manifest pino-abstract-transport@v0.5.0
91 silly packumentCache full:https://registry.npmjs.org/pino-abstract-transport cache-miss
92 http fetch GET 200 https://registry.npmjs.org/normalize-path 210ms (cache miss)
93 silly packumentCache full:https://registry.npmjs.org/normalize-path set size:undefined disposed:false
94 http fetch GET 200 https://registry.npmjs.org/fsevents 214ms (cache miss)
95 silly packumentCache full:https://registry.npmjs.org/fsevents set size:undefined disposed:false
96 http fetch GET 200 https://registry.npmjs.org/sonic-boom 220ms (cache miss)
97 silly packumentCache full:https://registry.npmjs.org/sonic-boom set size:undefined disposed:false
98 http fetch GET 200 https://registry.npmjs.org/process-warning 83ms (cache miss)
99 silly packumentCache full:https://registry.npmjs.org/process-warning set size:undefined disposed:false
100 http fetch GET 200 https://registry.npmjs.org/on-exit-leak-free 62ms (cache miss)
101 silly packumentCache full:https://registry.npmjs.org/on-exit-leak-free set size:undefined disposed:false
102 http fetch GET 200 https://registry.npmjs.org/pino-std-serializers 57ms (cache miss)
103 silly packumentCache full:https://registry.npmjs.org/pino-std-serializers set size:undefined disposed:false
104 http fetch GET 200 https://registry.npmjs.org/fast-redact 240ms (cache miss)
105 silly packumentCache full:https://registry.npmjs.org/fast-redact set size:undefined disposed:false
106 http fetch GET 200 https://registry.npmjs.org/safe-stable-stringify 60ms (cache miss)
107 silly packumentCache full:https://registry.npmjs.org/safe-stable-stringify set size:undefined disposed:false
108 http fetch GET 200 https://registry.npmjs.org/pino-abstract-transport 148ms (cache miss)
109 silly packumentCache full:https://registry.npmjs.org/pino-abstract-transport set size:undefined disposed:false
110 http fetch GET 200 https://registry.npmjs.org/quick-format-unescaped 248ms (cache miss)
111 silly packumentCache full:https://registry.npmjs.org/quick-format-unescaped set size:undefined disposed:false
112 http fetch GET 200 https://registry.npmjs.org/thread-stream 473ms (cache miss)
113 silly packumentCache full:https://registry.npmjs.org/thread-stream set size:undefined disposed:false
114 silly placeDep ROOT anymatch@3.1.3 OK for: chokidar@3.5.3 want: ~3.1.2
115 silly placeDep ROOT braces@3.0.3 OK for: chokidar@3.5.3 want: ~3.0.2
116 silly placeDep ROOT fsevents@2.3.3 OK for: chokidar@3.5.3 want: ~2.3.2
117 silly placeDep ROOT glob-parent@5.1.2 OK for: chokidar@3.5.3 want: ~5.1.2
118 silly placeDep ROOT is-binary-path@2.1.0 OK for: chokidar@3.5.3 want: ~2.1.0
119 silly placeDep ROOT is-glob@4.0.3 OK for: chokidar@3.5.3 want: ~4.0.1
120 silly placeDep ROOT normalize-path@3.0.0 OK for: chokidar@3.5.3 want: ~3.0.0
121 silly placeDep ROOT readdirp@3.6.0 OK for: chokidar@3.5.3 want: ~3.6.0
122 silly fetch manifest picomatch@^2.0.4
123 silly packumentCache full:https://registry.npmjs.org/picomatch cache-miss
124 silly fetch manifest normalize-path@^3.0.0
125 silly packumentCache full:https://registry.npmjs.org/normalize-path cache-miss
126 silly fetch manifest fill-range@^7.1.1
127 silly packumentCache full:https://registry.npmjs.org/fill-range cache-miss
128 silly fetch manifest is-glob@^4.0.1
129 silly packumentCache full:https://registry.npmjs.org/is-glob cache-miss
130 silly fetch manifest binary-extensions@^2.0.0
131 silly packumentCache full:https://registry.npmjs.org/binary-extensions cache-miss
132 silly fetch manifest is-extglob@^2.1.1
133 silly packumentCache full:https://registry.npmjs.org/is-extglob cache-miss
134 silly fetch manifest picomatch@^2.2.1
135 silly packumentCache full:https://registry.npmjs.org/picomatch cache-miss
136 http cache https://registry.npmjs.org/is-glob 16ms (cache hit)
137 silly packumentCache full:https://registry.npmjs.org/is-glob set size:40530 disposed:false
138 http cache https://registry.npmjs.org/normalize-path 18ms (cache hit)
139 silly packumentCache full:https://registry.npmjs.org/normalize-path set size:28713 disposed:false
140 http fetch GET 200 https://registry.npmjs.org/is-extglob 88ms (cache miss)
141 silly packumentCache full:https://registry.npmjs.org/is-extglob set size:undefined disposed:false
142 http fetch GET 200 https://registry.npmjs.org/picomatch 90ms (cache miss)
143 silly packumentCache full:https://registry.npmjs.org/picomatch set size:undefined disposed:false
144 http fetch GET 200 https://registry.npmjs.org/binary-extensions 90ms (cache miss)
145 silly packumentCache full:https://registry.npmjs.org/binary-extensions set size:undefined disposed:false
146 http fetch GET 200 https://registry.npmjs.org/picomatch 91ms (cache miss)
147 silly packumentCache full:https://registry.npmjs.org/picomatch set size:undefined disposed:false
148 http fetch GET 200 https://registry.npmjs.org/fill-range 92ms (cache miss)
149 silly packumentCache full:https://registry.npmjs.org/fill-range set size:undefined disposed:false
150 silly placeDep ROOT picomatch@2.3.1 OK for: anymatch@3.1.3 want: ^2.0.4
151 silly placeDep ROOT fill-range@7.1.1 OK for: braces@3.0.3 want: ^7.1.1
152 silly fetch manifest to-regex-range@^5.0.1
153 silly packumentCache full:https://registry.npmjs.org/to-regex-range cache-miss
154 http fetch GET 200 https://registry.npmjs.org/to-regex-range 56ms (cache miss)
155 silly packumentCache full:https://registry.npmjs.org/to-regex-range set size:undefined disposed:false
156 silly placeDep ROOT to-regex-range@5.0.1 OK for: fill-range@7.1.1 want: ^5.0.1
157 silly fetch manifest is-number@^7.0.0
158 silly packumentCache full:https://registry.npmjs.org/is-number cache-miss
159 http fetch GET 200 https://registry.npmjs.org/is-number 60ms (cache miss)
160 silly packumentCache full:https://registry.npmjs.org/is-number set size:undefined disposed:false
161 silly placeDep ROOT binary-extensions@2.3.0 OK for: is-binary-path@2.1.0 want: ^2.0.0
162 silly placeDep ROOT is-extglob@2.1.1 OK for: is-glob@4.0.3 want: ^2.1.1
163 silly placeDep ROOT atomic-sleep@1.0.0 OK for: pino@7.11.0 want: ^1.0.0
164 silly placeDep ROOT fast-redact@3.5.0 OK for: pino@7.11.0 want: ^3.0.0
165 silly placeDep ROOT on-exit-leak-free@0.2.0 OK for: pino@7.11.0 want: ^0.2.0
166 silly placeDep ROOT pino-abstract-transport@0.5.0 OK for: pino@7.11.0 want: v0.5.0
167 silly placeDep ROOT pino-std-serializers@4.0.0 OK for: pino@7.11.0 want: ^4.0.0
168 silly placeDep ROOT process-warning@1.0.0 OK for: pino@7.11.0 want: ^1.0.0
169 silly placeDep ROOT quick-format-unescaped@4.0.4 OK for: pino@7.11.0 want: ^4.0.3
170 silly placeDep ROOT real-require@0.1.0 OK for: pino@7.11.0 want: ^0.1.0
171 silly placeDep ROOT safe-stable-stringify@2.5.0 OK for: pino@7.11.0 want: ^2.1.0
172 silly placeDep ROOT sonic-boom@2.8.0 OK for: pino@7.11.0 want: ^2.2.1
173 silly placeDep ROOT thread-stream@0.15.2 OK for: pino@7.11.0 want: ^0.15.1
174 silly fetch manifest split2@^4.0.0
175 silly packumentCache full:https://registry.npmjs.org/split2 cache-miss
176 silly fetch manifest duplexify@^4.1.2
177 silly packumentCache full:https://registry.npmjs.org/duplexify cache-miss
178 http fetch GET 200 https://registry.npmjs.org/duplexify 59ms (cache miss)
179 silly packumentCache full:https://registry.npmjs.org/duplexify set size:undefined disposed:false
180 http fetch GET 200 https://registry.npmjs.org/split2 61ms (cache miss)
181 silly packumentCache full:https://registry.npmjs.org/split2 set size:undefined disposed:false
182 silly placeDep ROOT duplexify@4.1.3 OK for: pino-abstract-transport@0.5.0 want: ^4.1.2
183 silly placeDep ROOT split2@4.2.0 OK for: pino-abstract-transport@0.5.0 want: ^4.0.0
184 silly fetch manifest end-of-stream@^1.4.1
185 silly packumentCache full:https://registry.npmjs.org/end-of-stream cache-miss
186 silly fetch manifest inherits@^2.0.3
187 silly packumentCache full:https://registry.npmjs.org/inherits cache-miss
188 silly fetch manifest readable-stream@^3.1.1
189 silly packumentCache full:https://registry.npmjs.org/readable-stream cache-miss
190 silly fetch manifest stream-shift@^1.0.2
191 silly packumentCache full:https://registry.npmjs.org/stream-shift cache-miss
192 http fetch GET 200 https://registry.npmjs.org/stream-shift 66ms (cache miss)
193 silly packumentCache full:https://registry.npmjs.org/stream-shift set size:undefined disposed:false
194 http fetch GET 200 https://registry.npmjs.org/readable-stream 71ms (cache miss)
195 silly packumentCache full:https://registry.npmjs.org/readable-stream set size:undefined disposed:false
196 http fetch GET 200 https://registry.npmjs.org/inherits 75ms (cache miss)
197 silly packumentCache full:https://registry.npmjs.org/inherits set size:undefined disposed:false
198 http fetch GET 200 https://registry.npmjs.org/end-of-stream 77ms (cache miss)
199 silly packumentCache full:https://registry.npmjs.org/end-of-stream set size:undefined disposed:false
200 silly placeDep ROOT end-of-stream@1.4.4 OK for: duplexify@4.1.3 want: ^1.4.1
201 silly placeDep ROOT inherits@2.0.4 OK for: duplexify@4.1.3 want: ^2.0.3
202 silly placeDep ROOT readable-stream@3.6.2 OK for: duplexify@4.1.3 want: ^3.1.1
203 silly placeDep ROOT stream-shift@1.0.3 OK for: duplexify@4.1.3 want: ^1.0.2
204 silly fetch manifest once@^1.4.0
205 silly packumentCache full:https://registry.npmjs.org/once cache-miss
206 silly fetch manifest string_decoder@^1.1.1
207 silly packumentCache full:https://registry.npmjs.org/string_decoder cache-miss
208 silly fetch manifest util-deprecate@^1.0.1
209 silly packumentCache full:https://registry.npmjs.org/util-deprecate cache-miss
210 http fetch GET 200 https://registry.npmjs.org/once 54ms (cache miss)
211 silly packumentCache full:https://registry.npmjs.org/once set size:undefined disposed:false
212 http fetch GET 200 https://registry.npmjs.org/util-deprecate 63ms (cache miss)
213 silly packumentCache full:https://registry.npmjs.org/util-deprecate set size:undefined disposed:false
214 http fetch GET 200 https://registry.npmjs.org/string_decoder 93ms (cache miss)
215 silly packumentCache full:https://registry.npmjs.org/string_decoder set size:undefined disposed:false
216 silly placeDep ROOT once@1.4.0 OK for: end-of-stream@1.4.4 want: ^1.4.0
217 silly fetch manifest wrappy@1
218 silly packumentCache full:https://registry.npmjs.org/wrappy cache-miss
219 http fetch GET 200 https://registry.npmjs.org/wrappy 60ms (cache miss)
220 silly packumentCache full:https://registry.npmjs.org/wrappy set size:undefined disposed:false
221 silly placeDep ROOT wrappy@1.0.2 OK for: once@1.4.0 want: 1
222 silly placeDep ROOT string_decoder@1.3.0 OK for: readable-stream@3.6.2 want: ^1.1.1
223 silly placeDep ROOT util-deprecate@1.0.2 OK for: readable-stream@3.6.2 want: ^1.0.1
224 silly fetch manifest safe-buffer@~5.2.0
225 silly packumentCache full:https://registry.npmjs.org/safe-buffer cache-miss
226 http fetch GET 200 https://registry.npmjs.org/safe-buffer 63ms (cache miss)
227 silly packumentCache full:https://registry.npmjs.org/safe-buffer set size:undefined disposed:false
228 silly placeDep ROOT safe-buffer@5.2.1 OK for: string_decoder@1.3.0 want: ~5.2.0
229 silly placeDep ROOT is-number@7.0.0 OK for: to-regex-range@5.0.1 want: ^7.0.0
230 silly reify moves {}
231 silly audit bulk request {
231 silly audit   'create-umi': [ '4.4.8' ],
231 silly audit   '@umijs/utils': [ '4.4.8' ],
231 silly audit   chokidar: [ '3.5.3' ],
231 silly audit   pino: [ '7.11.0' ],
231 silly audit   anymatch: [ '3.1.3' ],
231 silly audit   braces: [ '3.0.3' ],
231 silly audit   fsevents: [ '2.3.3' ],
231 silly audit   'glob-parent': [ '5.1.2' ],
231 silly audit   'is-binary-path': [ '2.1.0' ],
231 silly audit   'is-glob': [ '4.0.3' ],
231 silly audit   'normalize-path': [ '3.0.0' ],
231 silly audit   readdirp: [ '3.6.0' ],
231 silly audit   picomatch: [ '2.3.1' ],
231 silly audit   'fill-range': [ '7.1.1' ],
231 silly audit   'to-regex-range': [ '5.0.1' ],
231 silly audit   'binary-extensions': [ '2.3.0' ],
231 silly audit   'is-extglob': [ '2.1.1' ],
231 silly audit   'atomic-sleep': [ '1.0.0' ],
231 silly audit   'fast-redact': [ '3.5.0' ],
231 silly audit   'on-exit-leak-free': [ '0.2.0' ],
231 silly audit   'pino-abstract-transport': [ '0.5.0' ],
231 silly audit   'pino-std-serializers': [ '4.0.0' ],
231 silly audit   'process-warning': [ '1.0.0' ],
231 silly audit   'quick-format-unescaped': [ '4.0.4' ],
231 silly audit   'real-require': [ '0.1.0' ],
231 silly audit   'safe-stable-stringify': [ '2.5.0' ],
231 silly audit   'sonic-boom': [ '2.8.0' ],
231 silly audit   'thread-stream': [ '0.15.2' ],
231 silly audit   duplexify: [ '4.1.3' ],
231 silly audit   split2: [ '4.2.0' ],
231 silly audit   'end-of-stream': [ '1.4.4' ],
231 silly audit   inherits: [ '2.0.4' ],
231 silly audit   'readable-stream': [ '3.6.2' ],
231 silly audit   'stream-shift': [ '1.0.3' ],
231 silly audit   once: [ '1.4.0' ],
231 silly audit   wrappy: [ '1.0.2' ],
231 silly audit   string_decoder: [ '1.3.0' ],
231 silly audit   'util-deprecate': [ '1.0.2' ],
231 silly audit   'safe-buffer': [ '5.2.1' ],
231 silly audit   'is-number': [ '7.0.0' ]
231 silly audit }
232 verbose reify failed optional dependency D:\DigiTechSolutions\22april_task_CRUD\client\React\_npx\2c52c20452535a0f\node_modules\fsevents
233 silly reify mark deleted [
233 silly reify   'D:\\DigiTechSolutions\\22april_task_CRUD\\client\\React\\_npx\\2c52c20452535a0f\\node_modules\\fsevents'
233 silly reify ]
234 http cache util-deprecate@https://registry.npmjs.org/util-deprecate/-/util-deprecate-1.0.2.tgz 0ms (cache hit)
235 http cache is-number@https://registry.npmjs.org/is-number/-/is-number-7.0.0.tgz 0ms (cache hit)
236 http cache safe-buffer@https://registry.npmjs.org/safe-buffer/-/safe-buffer-5.2.1.tgz 0ms (cache hit)
237 http cache string_decoder@https://registry.npmjs.org/string_decoder/-/string_decoder-1.3.0.tgz 0ms (cache hit)
238 http cache wrappy@https://registry.npmjs.org/wrappy/-/wrappy-1.0.2.tgz 0ms (cache hit)
239 http cache once@https://registry.npmjs.org/once/-/once-1.4.0.tgz 1ms (cache hit)
240 http cache readable-stream@https://registry.npmjs.org/readable-stream/-/readable-stream-3.6.2.tgz 0ms (cache hit)
241 http cache stream-shift@https://registry.npmjs.org/stream-shift/-/stream-shift-1.0.3.tgz 0ms (cache hit)
242 http cache inherits@https://registry.npmjs.org/inherits/-/inherits-2.0.4.tgz 0ms (cache hit)
243 http cache duplexify@https://registry.npmjs.org/duplexify/-/duplexify-4.1.3.tgz 0ms (cache hit)
244 http cache end-of-stream@https://registry.npmjs.org/end-of-stream/-/end-of-stream-1.4.4.tgz 0ms (cache hit)
245 http cache thread-stream@https://registry.npmjs.org/thread-stream/-/thread-stream-0.15.2.tgz 0ms (cache hit)
246 http cache sonic-boom@https://registry.npmjs.org/sonic-boom/-/sonic-boom-2.8.0.tgz 0ms (cache hit)
247 http cache split2@https://registry.npmjs.org/split2/-/split2-4.2.0.tgz 0ms (cache hit)
248 http cache safe-stable-stringify@https://registry.npmjs.org/safe-stable-stringify/-/safe-stable-stringify-2.5.0.tgz 0ms (cache hit)
249 http cache real-require@https://registry.npmjs.org/real-require/-/real-require-0.1.0.tgz 0ms (cache hit)
250 http cache quick-format-unescaped@https://registry.npmjs.org/quick-format-unescaped/-/quick-format-unescaped-4.0.4.tgz 0ms (cache hit)
251 http cache pino-std-serializers@https://registry.npmjs.org/pino-std-serializers/-/pino-std-serializers-4.0.0.tgz 0ms (cache hit)
252 http cache on-exit-leak-free@https://registry.npmjs.org/on-exit-leak-free/-/on-exit-leak-free-0.2.0.tgz 0ms (cache hit)
253 http cache process-warning@https://registry.npmjs.org/process-warning/-/process-warning-1.0.0.tgz 0ms (cache hit)
254 http cache pino-abstract-transport@https://registry.npmjs.org/pino-abstract-transport/-/pino-abstract-transport-0.5.0.tgz 0ms (cache hit)
255 http cache fast-redact@https://registry.npmjs.org/fast-redact/-/fast-redact-3.5.0.tgz 0ms (cache hit)
256 http cache atomic-sleep@https://registry.npmjs.org/atomic-sleep/-/atomic-sleep-1.0.0.tgz 0ms (cache hit)
257 http cache is-extglob@https://registry.npmjs.org/is-extglob/-/is-extglob-2.1.1.tgz 0ms (cache hit)
258 http cache to-regex-range@https://registry.npmjs.org/to-regex-range/-/to-regex-range-5.0.1.tgz 0ms (cache hit)
259 http cache fill-range@https://registry.npmjs.org/fill-range/-/fill-range-7.1.1.tgz 0ms (cache hit)
260 http cache binary-extensions@https://registry.npmjs.org/binary-extensions/-/binary-extensions-2.3.0.tgz 0ms (cache hit)
261 http cache picomatch@https://registry.npmjs.org/picomatch/-/picomatch-2.3.1.tgz 0ms (cache hit)
262 http cache readdirp@https://registry.npmjs.org/readdirp/-/readdirp-3.6.0.tgz 0ms (cache hit)
263 http cache normalize-path@https://registry.npmjs.org/normalize-path/-/normalize-path-3.0.0.tgz 0ms (cache hit)
264 http cache is-glob@https://registry.npmjs.org/is-glob/-/is-glob-4.0.3.tgz 0ms (cache hit)
265 http cache is-binary-path@https://registry.npmjs.org/is-binary-path/-/is-binary-path-2.1.0.tgz 0ms (cache hit)
266 http cache glob-parent@https://registry.npmjs.org/glob-parent/-/glob-parent-5.1.2.tgz 0ms (cache hit)
267 http cache braces@https://registry.npmjs.org/braces/-/braces-3.0.3.tgz 0ms (cache hit)
268 http cache anymatch@https://registry.npmjs.org/anymatch/-/anymatch-3.1.3.tgz 0ms (cache hit)
269 http cache pino@https://registry.npmjs.org/pino/-/pino-7.11.0.tgz 1ms (cache hit)
270 http cache chokidar@https://registry.npmjs.org/chokidar/-/chokidar-3.5.3.tgz 0ms (cache hit)
271 http cache @umijs/utils@https://registry.npmjs.org/@umijs/utils/-/utils-4.4.8.tgz 0ms (cache hit)
272 http cache create-umi@https://registry.npmjs.org/create-umi/-/create-umi-4.4.8.tgz 0ms (cache hit)
273 silly tarball no local data for util-deprecate@https://registry.npmjs.org/util-deprecate/-/util-deprecate-1.0.2.tgz. Extracting by manifest.
274 silly tarball no local data for is-number@https://registry.npmjs.org/is-number/-/is-number-7.0.0.tgz. Extracting by manifest.
275 silly tarball no local data for safe-buffer@https://registry.npmjs.org/safe-buffer/-/safe-buffer-5.2.1.tgz. Extracting by manifest.
276 silly tarball no local data for string_decoder@https://registry.npmjs.org/string_decoder/-/string_decoder-1.3.0.tgz. Extracting by manifest.
277 silly tarball no local data for wrappy@https://registry.npmjs.org/wrappy/-/wrappy-1.0.2.tgz. Extracting by manifest.
278 silly tarball no local data for once@https://registry.npmjs.org/once/-/once-1.4.0.tgz. Extracting by manifest.
279 silly tarball no local data for readable-stream@https://registry.npmjs.org/readable-stream/-/readable-stream-3.6.2.tgz. Extracting by manifest.
280 silly tarball no local data for stream-shift@https://registry.npmjs.org/stream-shift/-/stream-shift-1.0.3.tgz. Extracting by manifest.
281 silly tarball no local data for inherits@https://registry.npmjs.org/inherits/-/inherits-2.0.4.tgz. Extracting by manifest.
282 silly tarball no local data for duplexify@https://registry.npmjs.org/duplexify/-/duplexify-4.1.3.tgz. Extracting by manifest.
283 silly tarball no local data for end-of-stream@https://registry.npmjs.org/end-of-stream/-/end-of-stream-1.4.4.tgz. Extracting by manifest.
284 silly tarball no local data for thread-stream@https://registry.npmjs.org/thread-stream/-/thread-stream-0.15.2.tgz. Extracting by manifest.
285 silly tarball no local data for sonic-boom@https://registry.npmjs.org/sonic-boom/-/sonic-boom-2.8.0.tgz. Extracting by manifest.
286 silly tarball no local data for split2@https://registry.npmjs.org/split2/-/split2-4.2.0.tgz. Extracting by manifest.
287 silly tarball no local data for safe-stable-stringify@https://registry.npmjs.org/safe-stable-stringify/-/safe-stable-stringify-2.5.0.tgz. Extracting by manifest.
288 silly tarball no local data for real-require@https://registry.npmjs.org/real-require/-/real-require-0.1.0.tgz. Extracting by manifest.
289 silly tarball no local data for quick-format-unescaped@https://registry.npmjs.org/quick-format-unescaped/-/quick-format-unescaped-4.0.4.tgz. Extracting by manifest.
290 silly tarball no local data for pino-std-serializers@https://registry.npmjs.org/pino-std-serializers/-/pino-std-serializers-4.0.0.tgz. Extracting by manifest.
291 silly tarball no local data for on-exit-leak-free@https://registry.npmjs.org/on-exit-leak-free/-/on-exit-leak-free-0.2.0.tgz. Extracting by manifest.
292 silly tarball no local data for process-warning@https://registry.npmjs.org/process-warning/-/process-warning-1.0.0.tgz. Extracting by manifest.
293 silly tarball no local data for pino-abstract-transport@https://registry.npmjs.org/pino-abstract-transport/-/pino-abstract-transport-0.5.0.tgz. Extracting by manifest.
294 silly tarball no local data for fast-redact@https://registry.npmjs.org/fast-redact/-/fast-redact-3.5.0.tgz. Extracting by manifest.
295 silly tarball no local data for atomic-sleep@https://registry.npmjs.org/atomic-sleep/-/atomic-sleep-1.0.0.tgz. Extracting by manifest.
296 silly tarball no local data for is-extglob@https://registry.npmjs.org/is-extglob/-/is-extglob-2.1.1.tgz. Extracting by manifest.
297 silly tarball no local data for to-regex-range@https://registry.npmjs.org/to-regex-range/-/to-regex-range-5.0.1.tgz. Extracting by manifest.
298 silly tarball no local data for fill-range@https://registry.npmjs.org/fill-range/-/fill-range-7.1.1.tgz. Extracting by manifest.
299 silly tarball no local data for binary-extensions@https://registry.npmjs.org/binary-extensions/-/binary-extensions-2.3.0.tgz. Extracting by manifest.
300 silly tarball no local data for picomatch@https://registry.npmjs.org/picomatch/-/picomatch-2.3.1.tgz. Extracting by manifest.
301 silly tarball no local data for readdirp@https://registry.npmjs.org/readdirp/-/readdirp-3.6.0.tgz. Extracting by manifest.
302 silly tarball no local data for normalize-path@https://registry.npmjs.org/normalize-path/-/normalize-path-3.0.0.tgz. Extracting by manifest.
303 silly tarball no local data for is-glob@https://registry.npmjs.org/is-glob/-/is-glob-4.0.3.tgz. Extracting by manifest.
304 silly tarball no local data for is-binary-path@https://registry.npmjs.org/is-binary-path/-/is-binary-path-2.1.0.tgz. Extracting by manifest.
305 silly tarball no local data for glob-parent@https://registry.npmjs.org/glob-parent/-/glob-parent-5.1.2.tgz. Extracting by manifest.
306 silly tarball no local data for braces@https://registry.npmjs.org/braces/-/braces-3.0.3.tgz. Extracting by manifest.
307 silly tarball no local data for anymatch@https://registry.npmjs.org/anymatch/-/anymatch-3.1.3.tgz. Extracting by manifest.
308 silly tarball no local data for pino@https://registry.npmjs.org/pino/-/pino-7.11.0.tgz. Extracting by manifest.
309 silly tarball no local data for chokidar@https://registry.npmjs.org/chokidar/-/chokidar-3.5.3.tgz. Extracting by manifest.
310 silly tarball no local data for @umijs/utils@https://registry.npmjs.org/@umijs/utils/-/utils-4.4.8.tgz. Extracting by manifest.
311 silly tarball no local data for create-umi@https://registry.npmjs.org/create-umi/-/create-umi-4.4.8.tgz. Extracting by manifest.
312 http fetch GET 200 https://registry.npmjs.org/once/-/once-1.4.0.tgz 111ms (cache miss)
313 http fetch GET 200 https://registry.npmjs.org/is-number/-/is-number-7.0.0.tgz 113ms (cache miss)
314 http fetch GET 200 https://registry.npmjs.org/wrappy/-/wrappy-1.0.2.tgz 112ms (cache miss)
315 http fetch GET 200 https://registry.npmjs.org/inherits/-/inherits-2.0.4.tgz 111ms (cache miss)
316 http fetch GET 200 https://registry.npmjs.org/util-deprecate/-/util-deprecate-1.0.2.tgz 116ms (cache miss)
317 http fetch GET 200 https://registry.npmjs.org/stream-shift/-/stream-shift-1.0.3.tgz 115ms (cache miss)
318 http fetch GET 200 https://registry.npmjs.org/safe-buffer/-/safe-buffer-5.2.1.tgz 117ms (cache miss)
319 http fetch GET 200 https://registry.npmjs.org/string_decoder/-/string_decoder-1.3.0.tgz 117ms (cache miss)
320 http fetch GET 200 https://registry.npmjs.org/duplexify/-/duplexify-4.1.3.tgz 127ms (cache miss)
321 http fetch GET 200 https://registry.npmjs.org/real-require/-/real-require-0.1.0.tgz 150ms (cache miss)
322 http fetch GET 200 https://registry.npmjs.org/on-exit-leak-free/-/on-exit-leak-free-0.2.0.tgz 163ms (cache miss)
323 http fetch GET 200 https://registry.npmjs.org/is-extglob/-/is-extglob-2.1.1.tgz 166ms (cache miss)
324 http fetch GET 200 https://registry.npmjs.org/atomic-sleep/-/atomic-sleep-1.0.0.tgz 172ms (cache miss)
325 http fetch GET 200 https://registry.npmjs.org/quick-format-unescaped/-/quick-format-unescaped-4.0.4.tgz 175ms (cache miss)
326 http fetch GET 200 https://registry.npmjs.org/safe-stable-stringify/-/safe-stable-stringify-2.5.0.tgz 177ms (cache miss)
327 http fetch GET 200 https://registry.npmjs.org/to-regex-range/-/to-regex-range-5.0.1.tgz 175ms (cache miss)
328 http fetch GET 200 https://registry.npmjs.org/process-warning/-/process-warning-1.0.0.tgz 186ms (cache miss)
329 http fetch GET 200 https://registry.npmjs.org/pino-abstract-transport/-/pino-abstract-transport-0.5.0.tgz 213ms (cache miss)
330 http fetch POST 200 https://registry.npmjs.org/-/npm/v1/security/advisories/bulk 246ms
331 silly audit report {}
332 http fetch GET 200 https://registry.npmjs.org/end-of-stream/-/end-of-stream-1.4.4.tgz 227ms (cache miss)
333 http fetch GET 200 https://registry.npmjs.org/normalize-path/-/normalize-path-3.0.0.tgz 223ms (cache miss)
334 http fetch GET 200 https://registry.npmjs.org/is-binary-path/-/is-binary-path-2.1.0.tgz 227ms (cache miss)
335 http fetch GET 200 https://registry.npmjs.org/is-glob/-/is-glob-4.0.3.tgz 228ms (cache miss)
336 http fetch GET 200 https://registry.npmjs.org/split2/-/split2-4.2.0.tgz 234ms (cache miss)
337 http fetch GET 200 https://registry.npmjs.org/readdirp/-/readdirp-3.6.0.tgz 232ms (cache miss)
338 http fetch GET 200 https://registry.npmjs.org/fill-range/-/fill-range-7.1.1.tgz 233ms (cache miss)
339 http fetch GET 200 https://registry.npmjs.org/glob-parent/-/glob-parent-5.1.2.tgz 233ms (cache miss)
340 http fetch GET 200 https://registry.npmjs.org/anymatch/-/anymatch-3.1.3.tgz 234ms (cache miss)
341 http fetch GET 200 https://registry.npmjs.org/binary-extensions/-/binary-extensions-2.3.0.tgz 255ms (cache miss)
342 http fetch GET 200 https://registry.npmjs.org/pino-std-serializers/-/pino-std-serializers-4.0.0.tgz 261ms (cache miss)
343 http fetch GET 200 https://registry.npmjs.org/braces/-/braces-3.0.3.tgz 262ms (cache miss)
344 http fetch GET 200 https://registry.npmjs.org/picomatch/-/picomatch-2.3.1.tgz 274ms (cache miss)
345 http fetch GET 200 https://registry.npmjs.org/readable-stream/-/readable-stream-3.6.2.tgz 280ms (cache miss)
346 http fetch GET 200 https://registry.npmjs.org/fast-redact/-/fast-redact-3.5.0.tgz 280ms (cache miss)
347 http fetch GET 200 https://registry.npmjs.org/sonic-boom/-/sonic-boom-2.8.0.tgz 283ms (cache miss)
348 http fetch GET 200 https://registry.npmjs.org/chokidar/-/chokidar-3.5.3.tgz 281ms (cache miss)
349 http fetch GET 200 https://registry.npmjs.org/thread-stream/-/thread-stream-0.15.2.tgz 319ms (cache miss)
350 http fetch GET 200 https://registry.npmjs.org/pino/-/pino-7.11.0.tgz 422ms (cache miss)
351 http fetch GET 200 https://registry.npmjs.org/create-umi/-/create-umi-4.4.8.tgz 772ms (cache miss)
352 http fetch GET 200 https://registry.npmjs.org/@umijs/utils/-/utils-4.4.8.tgz 4141ms (cache miss)
353 verbose cwd D:\DigiTechSolutions\22april_task_CRUD\client
354 verbose os Windows_NT 10.0.22631
355 verbose node v22.14.0
356 verbose npm  v11.3.0
357 verbose exit 0
358 info ok
