0 verbose cli C:\Program Files\nodejs\node.exe C:\Users\LENOVO\AppData\Roaming\npm\node_modules\npm\bin\npm-cli.js
1 info using npm@11.3.0
2 info using node@v22.14.0
3 silly config load:file:C:\Users\LENOVO\AppData\Roaming\npm\node_modules\npm\npmrc
4 silly config load:file:D:\.npmrc
5 silly config load:file:C:\Users\LENOVO\.npmrc
6 silly config load:file:C:\Users\LENOVO\AppData\Roaming\npm\etc\npmrc
7 verbose title npm exec umi version
8 verbose argv "exec" "--" "umi" "version"
9 verbose logfile logs-max:10 dir:D:\DigiTechSolutions\22april_task_CRUD\client\React\_logs\2025-04-22T05_28_56_084Z-
10 verbose logfile D:\DigiTechSolutions\22april_task_CRUD\client\React\_logs\2025-04-22T05_28_56_084Z-debug-0.log
11 silly logfile done cleaning log files
12 silly packumentCache heap:4345298944 maxSize:1086324736 maxEntrySize:543162368
13 http fetch GET 200 https://registry.npmjs.org/umi 1227ms (cache miss)
14 silly packumentCache heap:4345298944 maxSize:1086324736 maxEntrySize:543162368
15 silly packumentCache heap:4345298944 maxSize:1086324736 maxEntrySize:543162368
16 verbose stack Error: canceled
16 verbose stack     at exec (C:\Users\LENOVO\AppData\Roaming\npm\node_modules\npm\node_modules\libnpmexec\lib\index.js:289:19)
16 verbose stack     at process.processTicksAndRejections (node:internal/process/task_queues:105:5)
16 verbose stack     at async Npm.exec (C:\Users\LENOVO\AppData\Roaming\npm\node_modules\npm\lib\npm.js:208:9)
16 verbose stack     at async module.exports (C:\Users\LENOVO\AppData\Roaming\npm\node_modules\npm\lib\cli\entry.js:67:5)
17 error canceled
18 verbose cwd D:\DigiTechSolutions\22april_task_CRUD\client
19 verbose os Windows_NT 10.0.22631
20 verbose node v22.14.0
21 verbose npm  v11.3.0
22 verbose exit 1
23 verbose code 1
24 error A complete log of this run can be found in: D:\DigiTechSolutions\22april_task_CRUD\client\React\_logs\2025-04-22T05_28_56_084Z-debug-0.log
