0 verbose cli C:\nvm4w\nodejs\node.exe C:\Users\LENOVO\AppData\Roaming\npm\node_modules\npm\bin\npm-cli.js
1 info using npm@11.3.0
2 info using node@v18.20.8
3 warn cli npm v11.3.0 does not support Node.js v18.20.8. This version of npm supports the following node versions: `^20.17.0 || >=22.9.0`. You can find the latest version at https://nodejs.org/.
4 silly config load:file:C:\Users\LENOVO\AppData\Roaming\npm\node_modules\npm\npmrc
5 silly config load:file:d:\DigiTechSolutions\22april_task_CRUD\client\React\_npx\2c52c20452535a0f\.npmrc
6 silly config load:file:C:\Users\LENOVO\.npmrc
7 silly config load:file:d:\DigiTechSolutions\22april_task_CRUD\client\React\_npx\2c52c20452535a0f\etc\npmrc
8 verbose title npm i
9 verbose argv "i" "--package-lock-only" "--prefix" "d:/DigiTechSolutions/22april_task_CRUD/client/React/_npx/2c52c20452535a0f"
10 verbose logfile logs-max:10 dir:d:\DigiTechSolutions\22april_task_CRUD\client\React\_npx\2c52c20452535a0f\React\_logs\2025-04-24T04_12_59_271Z-
11 verbose logfile d:\DigiTechSolutions\22april_task_CRUD\client\React\_npx\2c52c20452535a0f\React\_logs\2025-04-24T04_12_59_271Z-debug-0.log
12 silly logfile start cleaning logs, removing 1 files
13 silly packumentCache heap:4345298944 maxSize:1086324736 maxEntrySize:543162368
14 silly logfile done cleaning log files
15 silly idealTree buildDeps
16 silly placeDep ROOT undefined@ OK for:  want: file:
17 silly audit bulk request {
17 silly audit   '@umijs/utils': [ '4.4.8' ],
17 silly audit   anymatch: [ '3.1.3' ],
17 silly audit   'atomic-sleep': [ '1.0.0' ],
17 silly audit   'binary-extensions': [ '2.3.0' ],
17 silly audit   braces: [ '3.0.3' ],
17 silly audit   chokidar: [ '3.5.3' ],
17 silly audit   'create-umi': [ '4.4.8' ],
17 silly audit   duplexify: [ '4.1.3' ],
17 silly audit   'end-of-stream': [ '1.4.4' ],
17 silly audit   'fast-redact': [ '3.5.0' ],
17 silly audit   'fill-range': [ '7.1.1' ],
17 silly audit   fsevents: [ '2.3.3' ],
17 silly audit   'glob-parent': [ '5.1.2' ],
17 silly audit   inherits: [ '2.0.4' ],
17 silly audit   'is-binary-path': [ '2.1.0' ],
17 silly audit   'is-extglob': [ '2.1.1' ],
17 silly audit   'is-glob': [ '4.0.3' ],
17 silly audit   'is-number': [ '7.0.0' ],
17 silly audit   'normalize-path': [ '3.0.0' ],
17 silly audit   'on-exit-leak-free': [ '0.2.0' ],
17 silly audit   once: [ '1.4.0' ],
17 silly audit   picomatch: [ '2.3.1' ],
17 silly audit   pino: [ '7.11.0' ],
17 silly audit   'pino-abstract-transport': [ '0.5.0' ],
17 silly audit   'pino-std-serializers': [ '4.0.0' ],
17 silly audit   'process-warning': [ '1.0.0' ],
17 silly audit   'quick-format-unescaped': [ '4.0.4' ],
17 silly audit   'readable-stream': [ '3.6.2' ],
17 silly audit   readdirp: [ '3.6.0' ],
17 silly audit   'real-require': [ '0.1.0' ],
17 silly audit   'safe-buffer': [ '5.2.1' ],
17 silly audit   'safe-stable-stringify': [ '2.5.0' ],
17 silly audit   'sonic-boom': [ '2.8.0' ],
17 silly audit   split2: [ '4.2.0' ],
17 silly audit   'stream-shift': [ '1.0.3' ],
17 silly audit   string_decoder: [ '1.3.0' ],
17 silly audit   'thread-stream': [ '0.15.2' ],
17 silly audit   'to-regex-range': [ '5.0.1' ],
17 silly audit   'util-deprecate': [ '1.0.2' ],
17 silly audit   wrappy: [ '1.0.2' ]
17 silly audit }
18 verbose stack TypeError: Cannot read properties of undefined (reading 'spec')
18 verbose stack     at updateNodes (C:\Users\LENOVO\AppData\Roaming\npm\node_modules\npm\node_modules\@npmcli\arborist\lib\arborist\reify.js:1326:44)
18 verbose stack     at [saveIdealTree] (C:\Users\LENOVO\AppData\Roaming\npm\node_modules\npm\node_modules\@npmcli\arborist\lib\arborist\reify.js:1495:11)
18 verbose stack     at Arborist.reify (C:\Users\LENOVO\AppData\Roaming\npm\node_modules\npm\node_modules\@npmcli\arborist\lib\arborist\reify.js:147:31)
18 verbose stack     at async Install.exec (C:\Users\LENOVO\AppData\Roaming\npm\node_modules\npm\lib\commands\install.js:149:5)
18 verbose stack     at async Npm.exec (C:\Users\LENOVO\AppData\Roaming\npm\node_modules\npm\lib\npm.js:208:9)
18 verbose stack     at async module.exports (C:\Users\LENOVO\AppData\Roaming\npm\node_modules\npm\lib\cli\entry.js:67:5)
19 error Cannot read properties of undefined (reading 'spec')
20 silly unfinished npm timer reify 1745467980001
21 silly unfinished npm timer reify:audit 1745467980054
22 silly unfinished npm timer auditReport:getReport 1745467980055
23 silly unfinished npm timer reify:save 1745467980063
24 verbose cwd d:\DigiTechSolutions\22april_task_CRUD\client\React\_npx\2c52c20452535a0f
25 verbose os Windows_NT 10.0.22631
26 verbose node v18.20.8
27 verbose npm  v11.3.0
28 verbose exit 1
29 verbose code 1
30 error A complete log of this run can be found in: d:\DigiTechSolutions\22april_task_CRUD\client\React\_npx\2c52c20452535a0f\React\_logs\2025-04-24T04_12_59_271Z-debug-0.log
