0 verbose cli C:\nvm4w\nodejs\node.exe C:\Users\LENOVO\AppData\Roaming\npm\node_modules\npm\bin\npm-cli.js
1 info using npm@11.3.0
2 info using node@v18.20.8
3 warn cli npm v11.3.0 does not support Node.js v18.20.8. This version of npm supports the following node versions: `^20.17.0 || >=22.9.0`. You can find the latest version at https://nodejs.org/.
4 silly config load:file:C:\Users\LENOVO\AppData\Roaming\npm\node_modules\npm\npmrc
5 silly config load:file:d:\DigiTechSolutions\22april_task_CRUD\backend\22april_task_CRUD\server\.npmrc
6 silly config load:file:C:\Users\LENOVO\.npmrc
7 silly config load:file:d:\DigiTechSolutions\22april_task_CRUD\backend\22april_task_CRUD\server\etc\npmrc
8 verbose title npm ls
9 verbose argv "ls" "--omit" "dev" "--package-lock-only" "--json" "--prefix" "d:/DigiTechSolutions/22april_task_CRUD/backend/22april_task_CRUD/server"
10 verbose logfile logs-max:10 dir:d:\DigiTechSolutions\22april_task_CRUD\client\React\_npx\2c52c20452535a0f\React\_logs\2025-04-24T04_13_03_745Z-
11 verbose logfile d:\DigiTechSolutions\22april_task_CRUD\client\React\_npx\2c52c20452535a0f\React\_logs\2025-04-24T04_13_03_745Z-debug-0.log
12 silly logfile start cleaning logs, removing 1 files
13 silly packumentCache heap:4345298944 maxSize:1086324736 maxEntrySize:543162368
14 silly logfile done cleaning log files
15 verbose cwd d:\DigiTechSolutions\22april_task_CRUD\client\React\_npx\2c52c20452535a0f
16 verbose os Windows_NT 10.0.22631
17 verbose node v18.20.8
18 verbose npm  v11.3.0
19 verbose exit 0
20 info ok
